#-----------------------------------------------------------
# hsi v2016.2 (64-bit)
# SW Build 1597080 on Fri Jul  1 21:34:56 MDT 2016
# 
# Start of session at: Fri Apr 21 19:01:08 2017
# Process ID: 17900
# Current directory: G:/pruebaSD/SDDebug/_sds/swstubs/standalone_bsp
# Command line: hsi.exe -mode batch -notrace -quiet -source G:/pruebaSD/SDDebug/_sds/swstubs/standalone_bsp/create_bsp_post.tcl
# Log file: G:/pruebaSD/SDDebug/_sds/swstubs/standalone_bsp/hsi.log
# Journal file: G:/pruebaSD/SDDebug/_sds/swstubs/standalone_bsp\hsi.jou
#-----------------------------------------------------------
INFO: [Hsi 55-1698] elapsed time for repository loading 0 seconds
"Running Make include in ps7_cortexa9_0/libsrc/axivdma_v6_1/src"
"Running Make include in ps7_cortexa9_0/libsrc/coresightps_dcc_v1_2/src"
"Running Make include in ps7_cortexa9_0/libsrc/cpu_cortexa9_v2_2/src"
"Running Make include in ps7_cortexa9_0/libsrc/ddrps_v1_0/src"
"Running Make include in ps7_cortexa9_0/libsrc/devcfg_v3_4/src"
"Running Make include in ps7_cortexa9_0/libsrc/dmaps_v2_1/src"
"Running Make include in ps7_cortexa9_0/libsrc/emacps_v3_2/src"
"Running Make include in ps7_cortexa9_0/libsrc/gpio_v4_1/src"
"Running Make include in ps7_cortexa9_0/libsrc/gpiops_v3_1/src"
"Running Make include in ps7_cortexa9_0/libsrc/iicps_v3_2/src"
"Running Make include in ps7_cortexa9_0/libsrc/qspips_v3_3/src"
"Running Make include in ps7_cortexa9_0/libsrc/scugic_v3_3/src"
"Running Make include in ps7_cortexa9_0/libsrc/scutimer_v2_1/src"
"Running Make include in ps7_cortexa9_0/libsrc/scuwdt_v2_1/src"
"Running Make include in ps7_cortexa9_0/libsrc/sdps_v2_8/src"
"Running Make include in ps7_cortexa9_0/libsrc/standalone_v5_5/src"
"Running Make include in ps7_cortexa9_0/libsrc/ttcps_v3_1/src"
"Running Make include in ps7_cortexa9_0/libsrc/uartps_v3_1/src"
"Running Make include in ps7_cortexa9_0/libsrc/usbps_v2_4/src"
"Running Make include in ps7_cortexa9_0/libsrc/vtc_v7_1/src"
"Running Make include in ps7_cortexa9_0/libsrc/xadcps_v2_2/src"
"Running Make include in ps7_cortexa9_0/libsrc/xilffs_v3_3/src"
"Running Make libs in ps7_cortexa9_0/libsrc/axivdma_v6_1/src"
"Compiling axivdma"
arm-none-eabi-ar: creando ../../../lib/libxil.a
"Running Make libs in ps7_cortexa9_0/libsrc/coresightps_dcc_v1_2/src"
"Compiling coresightps_dcc"
"Running Make libs in ps7_cortexa9_0/libsrc/cpu_cortexa9_v2_2/src"
"Compiling cpu_cortexa9"
"Running Make libs in ps7_cortexa9_0/libsrc/ddrps_v1_0/src"
"Compiling ddrps"
"Running Make libs in ps7_cortexa9_0/libsrc/devcfg_v3_4/src"
"Compiling devcfg"
"Running Make libs in ps7_cortexa9_0/libsrc/dmaps_v2_1/src"
"Compiling dmaps"
"Running Make libs in ps7_cortexa9_0/libsrc/emacps_v3_2/src"
"Compiling emacps"
"Running Make libs in ps7_cortexa9_0/libsrc/gpio_v4_1/src"
"Compiling gpio"
"Running Make libs in ps7_cortexa9_0/libsrc/gpiops_v3_1/src"
"Compiling gpiops"
"Running Make libs in ps7_cortexa9_0/libsrc/iicps_v3_2/src"
"Compiling iicps"
"Running Make libs in ps7_cortexa9_0/libsrc/qspips_v3_3/src"
"Compiling qspips"
"Running Make libs in ps7_cortexa9_0/libsrc/scugic_v3_3/src"
"Compiling scugic"
"Running Make libs in ps7_cortexa9_0/libsrc/scutimer_v2_1/src"
"Compiling scutimer"
"Running Make libs in ps7_cortexa9_0/libsrc/scuwdt_v2_1/src"
"Compiling scuwdt"
"Running Make libs in ps7_cortexa9_0/libsrc/sdps_v2_8/src"
"Compiling sdps"
"Running Make libs in ps7_cortexa9_0/libsrc/standalone_v5_5/src"
"Compiling standalone"
"Running Make libs in ps7_cortexa9_0/libsrc/ttcps_v3_1/src"
"Compiling ttcps"
"Running Make libs in ps7_cortexa9_0/libsrc/uartps_v3_1/src"
"Compiling uartps"
"Running Make libs in ps7_cortexa9_0/libsrc/usbps_v2_4/src"
"Compiling usbps"
"Running Make libs in ps7_cortexa9_0/libsrc/vtc_v7_1/src"
"Compiling video timing controller"
"Running Make libs in ps7_cortexa9_0/libsrc/xadcps_v2_2/src"
"Compiling xadcps"
"Running Make libs in ps7_cortexa9_0/libsrc/xilffs_v3_3/src"
"Compiling XilFFs Library"
'Finished building libraries'
generate_bsp: Time (s): cpu = 00:00:01 ; elapsed = 00:00:21 . Memory (MB): peak = 122.016 ; gain = 0.000
