(c) Copyright 2012-2016 Xilinx, Inc. All Rights Reserved.
#-----------------------------------------------------------
# Tool version  : sds++ 2016.2 SW Build on Jul 15 2016 19:20:29
# Start time    : Fri Apr 21 19:20:24 +0200 2017
# Command line  : sds++ -o pruebaSD.elf ./src/main.o -dmclkid 0 -target-os standalone -sds-pf {G:\zybo_hdmi_in}
# Log file      : G:/pruebaSD/SDDebug/_sds/reports/sds.log
# Journal file  : G:/pruebaSD/SDDebug/_sds/reports/sds.jou
# Report file   : G:/pruebaSD/SDDebug/_sds/reports/sds.rpt
#-----------------------------------------------------------

INFO: [SDSoC 0-0] Removing implementation files from previous run
Libraries: 
Library Paths {}
INFO: [SDSoC 0-0] Analyzing object files
arm-none-eabi-objcopy -O binary --set-section-flags .xdinfo=alloc --only-section=.xdinfo G:/pruebaSD/SDDebug/src/main.o G:/pruebaSD/SDDebug/_sds/.data/xdinfo.xml
arm-none-eabi-objcopy -O binary --set-section-flags .xddata=alloc --only-section=.xddata G:/pruebaSD/SDDebug/src/main.o G:/pruebaSD/SDDebug/_sds/.data/xddata.xml
build_xd_ip_db  -sds-pf G:/zybo_hdmi_in/zybo_hdmi_in_hw.pfm    -o G:/pruebaSD/SDDebug/_sds/.cdb/xd_ip_db.xml  
INFO: Using user-defined path for XILINX_XD environment variable C:/Xilinx/SDSoC/2016.2
INFO: [SDSoC 0-0] Using prebuilt hardware
INFO: [SDSoC 0-0] Skipping block diagram (BD), address map, port information and device registration for partition 0
INFO: [SDSoC 0-0] Prepare hardware access API functions
INFO: [SDSoC 0-0] Create accelerator stub functions
INFO: [SDSoC 0-0] Compile hardware access API functions
arm-none-eabi-gcc  -mcpu=cortex-a9 -mfpu=vfpv3 -mfloat-abi=hard   -I G:/zybo_hdmi_in/arm-xilinx-eabi/include  -I C:/Xilinx/SDSoC/2016.2/aarch32-none/include  -I C:/Xilinx/SDSoC/2016.2/Vivado_HLS/2016.2/include -c  G:/pruebaSD/SDDebug/_sds/swstubs/devreg.c
arm-none-eabi-gcc   -mcpu=cortex-a9 -mfpu=vfpv3 -mfloat-abi=hard   -I G:/zybo_hdmi_in/arm-xilinx-eabi/include  -I C:/Xilinx/SDSoC/2016.2/aarch32-none/include  -I C:/Xilinx/SDSoC/2016.2/Vivado_HLS/2016.2/include -c  G:/pruebaSD/SDDebug/_sds/swstubs/portinfo.c
arm-none-eabi-g++  -mcpu=cortex-a9 -mfpu=vfpv3 -mfloat-abi=hard   -I G:/zybo_hdmi_in/arm-xilinx-eabi/include  -I C:/Xilinx/SDSoC/2016.2/aarch32-none/include  -I C:/Xilinx/SDSoC/2016.2/Vivado_HLS/2016.2/include -c  G:/pruebaSD/SDDebug/_sds/swstubs/cf_stub.c
arm-none-eabi-ar crs G:/pruebaSD/SDDebug/_sds/swstubs/libxlnk_stub.a G:/pruebaSD/SDDebug/_sds/swstubs/devreg.o G:/pruebaSD/SDDebug/_sds/swstubs/portinfo.o G:/pruebaSD/SDDebug/_sds/swstubs/cf_stub.o
INFO: [SDSoC 0-0] Compile accelerator stub functions
arm-none-eabi-ar crs G:/pruebaSD/SDDebug/_sds/swstubs/libpruebaSD.a G:/pruebaSD/SDDebug/_sds/swstubs/devreg.o G:/pruebaSD/SDDebug/_sds/swstubs/portinfo.o G:/pruebaSD/SDDebug/_sds/swstubs/cf_stub.o 
hsi -mode batch -notrace -quiet -source G:/pruebaSD/SDDebug/_sds/swstubs/standalone_bsp/create_bsp.tcl
INFO: [Hsi 55-1698] elapsed time for repository loading 0 seconds
INFO: [SDSoC 0-0] Create board support package library
hsi -mode batch -notrace -quiet -source G:/pruebaSD/SDDebug/_sds/swstubs/standalone_bsp/create_bsp_post.tcl
INFO: [Hsi 55-1698] elapsed time for repository loading 0 seconds
"Running Make include in ps7_cortexa9_0/libsrc/axivdma_v6_1/src"

"Running Make include in ps7_cortexa9_0/libsrc/coresightps_dcc_v1_2/src"

"Running Make include in ps7_cortexa9_0/libsrc/cpu_cortexa9_v2_2/src"

"Running Make include in ps7_cortexa9_0/libsrc/ddrps_v1_0/src"

"Running Make include in ps7_cortexa9_0/libsrc/devcfg_v3_4/src"

"Running Make include in ps7_cortexa9_0/libsrc/dmaps_v2_1/src"

"Running Make include in ps7_cortexa9_0/libsrc/emacps_v3_2/src"

"Running Make include in ps7_cortexa9_0/libsrc/gpio_v4_1/src"

"Running Make include in ps7_cortexa9_0/libsrc/gpiops_v3_1/src"

"Running Make include in ps7_cortexa9_0/libsrc/iicps_v3_2/src"

"Running Make include in ps7_cortexa9_0/libsrc/qspips_v3_3/src"

"Running Make include in ps7_cortexa9_0/libsrc/scugic_v3_3/src"

"Running Make include in ps7_cortexa9_0/libsrc/scutimer_v2_1/src"

"Running Make include in ps7_cortexa9_0/libsrc/scuwdt_v2_1/src"

"Running Make include in ps7_cortexa9_0/libsrc/sdps_v2_8/src"

"Running Make include in ps7_cortexa9_0/libsrc/standalone_v5_5/src"

"Running Make include in ps7_cortexa9_0/libsrc/ttcps_v3_1/src"

"Running Make include in ps7_cortexa9_0/libsrc/uartps_v3_1/src"

"Running Make include in ps7_cortexa9_0/libsrc/usbps_v2_4/src"

"Running Make include in ps7_cortexa9_0/libsrc/vtc_v7_1/src"

"Running Make include in ps7_cortexa9_0/libsrc/xadcps_v2_2/src"

"Running Make include in ps7_cortexa9_0/libsrc/xilffs_v3_3/src"

"Running Make libs in ps7_cortexa9_0/libsrc/axivdma_v6_1/src"

"Compiling axivdma"

arm-none-eabi-ar: creando ../../../lib/libxil.a

"Running Make libs in ps7_cortexa9_0/libsrc/coresightps_dcc_v1_2/src"

"Compiling coresightps_dcc"

"Running Make libs in ps7_cortexa9_0/libsrc/cpu_cortexa9_v2_2/src"

"Compiling cpu_cortexa9"

"Running Make libs in ps7_cortexa9_0/libsrc/ddrps_v1_0/src"

"Compiling ddrps"

"Running Make libs in ps7_cortexa9_0/libsrc/devcfg_v3_4/src"

"Compiling devcfg"

"Running Make libs in ps7_cortexa9_0/libsrc/dmaps_v2_1/src"

"Compiling dmaps"

"Running Make libs in ps7_cortexa9_0/libsrc/emacps_v3_2/src"

"Compiling emacps"

"Running Make libs in ps7_cortexa9_0/libsrc/gpio_v4_1/src"

"Compiling gpio"

"Running Make libs in ps7_cortexa9_0/libsrc/gpiops_v3_1/src"

"Compiling gpiops"

"Running Make libs in ps7_cortexa9_0/libsrc/iicps_v3_2/src"

"Compiling iicps"

"Running Make libs in ps7_cortexa9_0/libsrc/qspips_v3_3/src"

"Compiling qspips"

"Running Make libs in ps7_cortexa9_0/libsrc/scugic_v3_3/src"

"Compiling scugic"

"Running Make libs in ps7_cortexa9_0/libsrc/scutimer_v2_1/src"

"Compiling scutimer"

"Running Make libs in ps7_cortexa9_0/libsrc/scuwdt_v2_1/src"

"Compiling scuwdt"

"Running Make libs in ps7_cortexa9_0/libsrc/sdps_v2_8/src"

"Compiling sdps"

"Running Make libs in ps7_cortexa9_0/libsrc/standalone_v5_5/src"

"Compiling standalone"

"Running Make libs in ps7_cortexa9_0/libsrc/ttcps_v3_1/src"

"Compiling ttcps"

"Running Make libs in ps7_cortexa9_0/libsrc/uartps_v3_1/src"

"Compiling uartps"

"Running Make libs in ps7_cortexa9_0/libsrc/usbps_v2_4/src"

"Compiling usbps"

"Running Make libs in ps7_cortexa9_0/libsrc/vtc_v7_1/src"

"Compiling video timing controller"

"Running Make libs in ps7_cortexa9_0/libsrc/xadcps_v2_2/src"

"Compiling xadcps"

"Running Make libs in ps7_cortexa9_0/libsrc/xilffs_v3_3/src"

"Compiling XilFFs Library"

'Finished building libraries'

generate_bsp: Time (s): cpu = 00:00:01 ; elapsed = 00:00:21 . Memory (MB): peak = 121.996 ; gain = 0.000
INFO: [SDSoC 0-0] Link application ELF file
arm-none-eabi-g++ -mcpu=cortex-a9 -mfpu=vfpv3 -mfloat-abi=hard -Wl,--build-id=none -specs=C:/Xilinx/SDSoC/2016.2/data/toolchain/aarch32-none.spec -Wl,-T -Wl,G:/zybo_hdmi_in/arm-xilinx-eabi/lscript.ld   G:/pruebaSD/SDDebug/src/main.o G:/pruebaSD/SDDebug/_sds/swstubs/devreg.o G:/pruebaSD/SDDebug/_sds/swstubs/portinfo.o  -L G:/pruebaSD/SDDebug/_sds/swstubs/standalone_bsp/ps7_cortexa9_0/lib  -L C:/Xilinx/SDSoC/2016.2/aarch32-none/lib -LG:/pruebaSD/SDDebug/_sds/swstubs -Wl,--start-group -lxilffs -lgcc -lc -lstdc++ -Wl,--end-group -Wl,--start-group   -lxilffs -lxil -lgcc -lc  -lsds_lib -lxlnk_stub -lgcc -lc -Wl,--end-group -o G:/pruebaSD/SDDebug/_sds/swstubs/pruebaSD.elf
arm-none-eabi-objcopy -R .xdinfo -R .xddata -R .xdasm -R .xdfcnmap -R .xdhlscore -R .xdif -R .xdparams -R .xdcore -R .xdsdata -R .xdpp G:/pruebaSD/SDDebug/_sds/swstubs/pruebaSD.elf
INFO: [SDSoC 0-0] Enable generation of boot files
INFO: [SDSoC 0-0] Calling system_linker for partition 0
system_linker -cf-input G:/pruebaSD/SDDebug/_sds/.llvm/apsys_0.xml -cf-output-dir _sds/p0 -ip-db G:/pruebaSD/SDDebug/_sds/.cdb/xd_ip_db.xml -ip-repo G:/pruebaSD/SDDebug/_sds/iprepo/repo -sds-pf G:/zybo_hdmi_in:standalone   -bit-name pruebaSD.elf.bit -boot-files   -target-os standalone -mdev-no-swgen -mdev-no-xsd -mdev-no-swgen -mdev-no-xsd -sdsoc -sd-output-dir _sds/p0/sd_card -bit-binary -elf G:/pruebaSD/SDDebug/_sds/swstubs/pruebaSD.elf
system_linker started at Fri Apr 21 19:20:59 +0200 2017
INFO: [SDSoC 0-0] Creating boot files
system_linker completed at Fri Apr 21 19:21:07 +0200 2017
sds++ log file saved as G:/pruebaSD/SDDebug/_sds/reports/sds.log
sds++ completed at Fri Apr 21 19:21:08 +0200 2017
