(c) Copyright 2012-2016 Xilinx, Inc. All Rights Reserved.
#-----------------------------------------------------------
# Tool version  : sds++ 2016.2 SW Build on Jul 15 2016 19:20:29
# Start time    : Fri Apr 21 19:20:15 +0200 2017
# Command line  : sds++ -Wall -O0 -g -I../src -c -fmessage-length=0 -MTsrc/main.o -MMD -MP -MFsrc/main.d -MTsrc/main.o -o src/main.o ../src/main.cpp -target-os standalone -sds-pf {G:\zybo_hdmi_in}
# Log file      : G:/pruebaSD/SDDebug/_sds/reports/sds_main.log
# Journal file  : G:/pruebaSD/SDDebug/_sds/reports/sds_main.jou
# Report file   : G:/pruebaSD/SDDebug/_sds/reports/sds_main.rpt
#-----------------------------------------------------------

INFO: [SDSoC 0-0] Create data motion intermediate representation
clang_wrapper -I../src -Wall -g -fmessage-length=0 -MMD -MP -D __SDSCC__ -target arm-none-eabi -mcpu=cortex-a9 -mfpu=vfpv3 -O0 -g    -I G:/zybo_hdmi_in/arm-xilinx-eabi/include  -I C:/Xilinx/SDSoC/2016.2/aarch32-none/include  -I C:/Xilinx/SDSoC/2016.2/Vivado_HLS/2016.2/include   -IC:/Xilinx/SDSoC/2016.2/SDK/2016.2/gnu/aarch32/nt/gcc-arm-none-eabi/arm-none-eabi/include/c++/4.9.2 -IC:/Xilinx/SDSoC/2016.2/SDK/2016.2/gnu/aarch32/nt/gcc-arm-none-eabi/arm-none-eabi/include/c++/4.9.2/arm-none-eabi -IC:/Xilinx/SDSoC/2016.2/SDK/2016.2/gnu/aarch32/nt/gcc-arm-none-eabi/arm-none-eabi/include/c++/4.9.2/backward -IC:/Xilinx/SDSoC/2016.2/SDK/2016.2/gnu/aarch32/nt/gcc-arm-none-eabi/lib/gcc/arm-none-eabi/4.9.2/include -IC:/Xilinx/SDSoC/2016.2/SDK/2016.2/gnu/aarch32/nt/gcc-arm-none-eabi/lib/gcc/arm-none-eabi/4.9.2/include-fixed -IC:/Xilinx/SDSoC/2016.2/SDK/2016.2/gnu/aarch32/nt/gcc-arm-none-eabi/arm-none-eabi/include -emit-llvm -S G:/pruebaSD/src/main.cpp -o G:/pruebaSD/SDDebug/_sds/.llvm/src/main.s

G:\pruebaSD\SDDebug>C:\Xilinx\SDSoC\2016.2\llvm-clang\win64\llvm\bin\clang.exe -I../src -Wall -g -fmessage-length=0 -MMD -MP -D __SDSCC__ -target arm-none-eabi -mcpu=cortex-a9 -mfpu=vfpv3 -O0 -g -I G:/zybo_hdmi_in/arm-xilinx-eabi/include -I C:/Xilinx/SDSoC/2016.2/aarch32-none/include -I C:/Xilinx/SDSoC/2016.2/Vivado_HLS/2016.2/include -IC:/Xilinx/SDSoC/2016.2/SDK/2016.2/gnu/aarch32/nt/gcc-arm-none-eabi/arm-none-eabi/include/c++/4.9.2 -IC:/Xilinx/SDSoC/2016.2/SDK/2016.2/gnu/aarch32/nt/gcc-arm-none-eabi/arm-none-eabi/include/c++/4.9.2/arm-none-eabi -IC:/Xilinx/SDSoC/2016.2/SDK/2016.2/gnu/aarch32/nt/gcc-arm-none-eabi/arm-none-eabi/include/c++/4.9.2/backward -IC:/Xilinx/SDSoC/2016.2/SDK/2016.2/gnu/aarch32/nt/gcc-arm-none-eabi/lib/gcc/arm-none-eabi/4.9.2/include -IC:/Xilinx/SDSoC/2016.2/SDK/2016.2/gnu/aarch32/nt/gcc-arm-none-eabi/lib/gcc/arm-none-eabi/4.9.2/include-fixed -IC:/Xilinx/SDSoC/2016.2/SDK/2016.2/gnu/aarch32/nt/gcc-arm-none-eabi/arm-none-eabi/include -emit-llvm -S G:/pruebaSD/src/main.cpp -o G:/pruebaSD/SDDebug/_sds/.llvm/src/main.s 
G:/pruebaSD/src/main.cpp:169:16: warning: conversion from string literal to 'TCHAR *' (aka 'char *') is deprecated [-Wc++11-compat-deprecated-writable-strings]
        TCHAR *Path = "0:/";
                      ^
G:/pruebaSD/src/main.cpp:223:2: warning: '/*' within block comment [-Wcomment]
        /*
        ^
G:/pruebaSD/src/main.cpp:232:2: warning: '/*' within block comment [-Wcomment]
        /*
        ^
G:/pruebaSD/src/main.cpp:240:2: warning: '/*' within block comment [-Wcomment]
        /*
        ^
G:/pruebaSD/src/main.cpp:249:2: warning: '/*' within block comment [-Wcomment]
        /*
        ^
G:/pruebaSD/src/main.cpp:161:7: warning: unused variable 'NumBytesRead' [-Wunused-variable]
        UINT NumBytesRead;
             ^

G:\pruebaSD\SDDebug>exit /b 0 
INFO: [SDSoC 0-0] Compiling G:/pruebaSD/src/main.cpp
arm-none-eabi-g++ -c -I../src -Wall -O0 -g -fmessage-length=0 -MMD -MP -D __SDSCC__ -MTG:/pruebaSD/SDDebug/src/main.o -MFG:/pruebaSD/SDDebug/src/main.d -MTG:/pruebaSD/SDDebug/src/main.o -mcpu=cortex-a9 -mfpu=vfpv3 -mfloat-abi=hard   -I G:/zybo_hdmi_in/arm-xilinx-eabi/include  -I C:/Xilinx/SDSoC/2016.2/aarch32-none/include  -I C:/Xilinx/SDSoC/2016.2/Vivado_HLS/2016.2/include G:/pruebaSD/src/main.cpp -o src/main.o
G:/pruebaSD/src/main.cpp:223:2: warning: "/*" within comment [-Wcomment]
  /*
 ^
G:/pruebaSD/src/main.cpp:232:2: warning: "/*" within comment [-Wcomment]
  /*
 ^
G:/pruebaSD/src/main.cpp:240:2: warning: "/*" within comment [-Wcomment]
  /*
 ^
G:/pruebaSD/src/main.cpp:249:2: warning: "/*" within comment [-Wcomment]
  /*
 ^
G:/pruebaSD/src/main.cpp: In function 'int FfsSdPolledExample()':
G:/pruebaSD/src/main.cpp:169:16: warning: deprecated conversion from string constant to 'TCHAR* {aka char*}' [-Wwrite-strings]
  TCHAR *Path = "0:/";
                ^
G:/pruebaSD/src/main.cpp:161:7: warning: unused variable 'NumBytesRead' [-Wunused-variable]
  UINT NumBytesRead;
       ^
arm-none-eabi-objcopy --add-section .xdsdata=G:/pruebaSD/SDDebug/_sds/swstubs/main.o.xml src/main.o
sds++ log file saved as G:/pruebaSD/SDDebug/_sds/reports/sds_main.log
sds++ completed at Fri Apr 21 19:20:23 +0200 2017
